#
# There is insufficient memory for the Java Runtime Environment to continue.
# Native memory allocation (malloc) failed to allocate 1284016 bytes for Chunk::new
# Possible reasons:
#   The system is out of physical RAM or swap space
#   The process is running with CompressedOops enabled, and the Java Heap may be blocking the growth of the native heap
# Possible solutions:
#   Reduce memory load on the system
#   Increase physical memory or swap space
#   Check if swap backing store is full
#   Decrease Java heap size (-Xmx/-Xms)
#   Decrease number of Java threads
#   Decrease Java thread stack sizes (-Xss)
#   Set larger code cache with -XX:ReservedCodeCacheSize=
#   JVM is running with Unscaled Compressed Oops mode in which the Java heap is
#     placed in the first 4GB address space. The Java Heap base address is the
#     maximum limit for the native heap growth. Please use -XX:HeapBaseMinAddress
#     to set the Java Heap base and to place the Java Heap above 4GB virtual address.
# This output file may be truncated or incomplete.
#
#  Out of Memory Error (allocation.cpp:389), pid=4436, tid=0x00000000000012d4
#
# JRE version: OpenJDK Runtime Environment (8.0_322-b06) (build 1.8.0_322-b06)
# Java VM: OpenJDK 64-Bit Server VM (25.322-b06 mixed mode windows-amd64 compressed oops)
# Failed to write core dump. Minidumps are not enabled by default on client versions of Windows
#

---------------  T H R E A D  ---------------

Current thread (0x000001aaf5abd000):  JavaThread "C2 CompilerThread1" daemon [_thread_in_native, id=4820, stack(0x0000000d74600000,0x0000000d74700000)]

Stack: [0x0000000d74600000,0x0000000d74700000]
[error occurred during error reporting (printing stack bounds), id 0xc0000005]

Native frames: (J=compiled Java code, j=interpreted, Vv=VM code, C=native code)


Current CompileTask:
C2: 587837 22606       4       org.objectweb.asm.ClassReader::readMethod (1061 bytes)


---------------  P R O C E S S  ---------------

Java Threads: ( => current thread )
  0x000001aafced7000 JavaThread "RMI TCP Connection(5)-127.0.0.1" daemon [_thread_in_native, id=4240, stack(0x0000000d7f000000,0x0000000d7f100000)]
  0x000001aafcece000 JavaThread "RMI RenewClean-[127.0.0.1:17021,org.jetbrains.kotlin.daemon.common.LoopbackNetworkInterface$ClientLoopbackSocketFactory@2862ad93]" daemon [_thread_blocked, id=2888, stack(0x0000000d7e900000,0x0000000d7ea00000)]
  0x000001aafced8000 JavaThread "RMI TCP Connection(4)-127.0.0.1" daemon [_thread_in_native, id=864, stack(0x0000000d7ed00000,0x0000000d7ee00000)]
  0x000001aafced6800 JavaThread "RMI Reaper" [_thread_blocked, id=2576, stack(0x0000000d7ec00000,0x0000000d7ed00000)]
  0x000001aafcece800 JavaThread "RMI TCP Accept-0" daemon [_thread_in_native, id=2588, stack(0x0000000d7eb00000,0x0000000d7ec00000)]
  0x000001aafced5800 JavaThread "GC Daemon" daemon [_thread_blocked, id=5364, stack(0x0000000d7ea00000,0x0000000d7eb00000)]
  0x000001aafced5000 JavaThread "RMI Scheduler(0)" daemon [_thread_blocked, id=3112, stack(0x0000000d7e200000,0x0000000d7e300000)]
  0x000001aafced1000 JavaThread "WorkerExecutor Queue Thread 5" [_thread_blocked, id=6724, stack(0x0000000d7e800000,0x0000000d7e900000)]
  0x000001aafced4000 JavaThread "stdout" [_thread_in_native, id=5380, stack(0x0000000d7e700000,0x0000000d7e800000)]
  0x000001aafced2800 JavaThread "stderr" [_thread_in_native, id=6248, stack(0x0000000d7e600000,0x0000000d7e700000)]
  0x000001aafced0000 JavaThread "pool-7-thread-1" [_thread_blocked, id=1732, stack(0x0000000d7e500000,0x0000000d7e600000)]
  0x000001aafced3800 JavaThread "WorkerExecutor Queue Thread 4" [_thread_blocked, id=836, stack(0x0000000d7e400000,0x0000000d7e500000)]
  0x000001aafced1800 JavaThread "WorkerExecutor Queue Thread 3" [_thread_blocked, id=2624, stack(0x0000000d7e300000,0x0000000d7e400000)]
  0x000001aaf6887800 JavaThread "WorkerExecutor Queue" [_thread_blocked, id=4080, stack(0x0000000d7e100000,0x0000000d7e200000)]
  0x000001aaf6886800 JavaThread "Cache worker for execution history cache (D:\git\HolyBibleApp\.gradle\6.7.1\executionHistory)" [_thread_blocked, id=4808, stack(0x0000000d7e000000,0x0000000d7e100000)]
  0x000001aaf688a000 JavaThread "Execution worker for ':' Thread 3" [_thread_in_native, id=7592, stack(0x0000000d7df00000,0x0000000d7e000000)]
  0x000001aaf688b800 JavaThread "Execution worker for ':' Thread 2" [_thread_blocked, id=5980, stack(0x0000000d7dd00000,0x0000000d7de00000)]
  0x000001aaf688d000 JavaThread "Execution worker for ':'" [_thread_blocked, id=1224, stack(0x0000000d7dc00000,0x0000000d7dd00000)]
  0x000001aaf688a800 JavaThread "build event listener" [_thread_blocked, id=8136, stack(0x0000000d7db00000,0x0000000d7dc00000)]
  0x000001aaf6889000 JavaThread "build event listener" [_thread_blocked, id=5232, stack(0x0000000d7da00000,0x0000000d7db00000)]
  0x000001aafab03000 JavaThread "Build operations Thread 4" [_thread_blocked, id=7800, stack(0x0000000d75d00000,0x0000000d75e00000)]
  0x000001aafab00000 JavaThread "Build operations Thread 3" [_thread_blocked, id=1184, stack(0x0000000d75c00000,0x0000000d75d00000)]
  0x000001aafaaf8000 JavaThread "Build operations Thread 2" [_thread_blocked, id=3772, stack(0x0000000d75b00000,0x0000000d75c00000)]
  0x000001aafaaff000 JavaThread "Build operations" [_thread_blocked, id=3116, stack(0x0000000d75a00000,0x0000000d75b00000)]
  0x000001aafaaf7800 JavaThread "Cache worker for Build Output Cleanup Cache (D:\git\HolyBibleApp\.gradle\buildOutputCleanup)" [_thread_blocked, id=7676, stack(0x0000000d75900000,0x0000000d75a00000)]
  0x000001aafaafe800 JavaThread "Cache worker for cache directory md-rule (D:\Users\Exxus\.gradle\caches\6.7.1\md-rule)" [_thread_blocked, id=6308, stack(0x0000000d75500000,0x0000000d75600000)]
  0x000001aafaaf6800 JavaThread "Cache worker for cache directory md-supplier (D:\Users\Exxus\.gradle\caches\6.7.1\md-supplier)" [_thread_blocked, id=5656, stack(0x0000000d75400000,0x0000000d75500000)]
  0x000001aafaafd800 JavaThread "Cache worker for checksums cache (D:\git\HolyBibleApp\.gradle\checksums)" [_thread_blocked, id=4036, stack(0x0000000d75300000,0x0000000d75400000)]
  0x000001aafaafd000 JavaThread "Cache worker for file hash cache (D:\git\HolyBibleApp\.gradle\6.7.1\fileHashes)" [_thread_blocked, id=1776, stack(0x0000000d75200000,0x0000000d75300000)]
  0x000001aafaaf5000 JavaThread "Thread-156" [_thread_blocked, id=4000, stack(0x0000000d75100000,0x0000000d75200000)]
  0x000001aafaafb000 JavaThread "Asynchronous log dispatcher for DefaultDaemonConnection: socket connection from /127.0.0.1:54402 to /127.0.0.1:54467" [_thread_blocked, id=5564, stack(0x0000000d74f00000,0x0000000d75000000)]
  0x000001aafaaf5800 JavaThread "Daemon worker Thread 2" [_thread_blocked, id=2712, stack(0x0000000d74c00000,0x0000000d74d00000)]
  0x000001aafaafa800 JavaThread "Cancel handler" [_thread_blocked, id=2944, stack(0x0000000d74b00000,0x0000000d74c00000)]
  0x000001aafaaf9800 JavaThread "Handler for socket connection from /127.0.0.1:54402 to /127.0.0.1:54467" [_thread_in_native, id=1344, stack(0x0000000d73b00000,0x0000000d73c00000)]
  0x000001aafaaf9000 JavaThread "Daemon Thread 2" [_thread_blocked, id=648, stack(0x0000000d73900000,0x0000000d73a00000)]
  0x000001aafab02800 JavaThread "Memory manager" [_thread_blocked, id=7372, stack(0x0000000d7de00000,0x0000000d7df00000)]
  0x000001aaf8d35000 JavaThread "Cache worker for file content cache (D:\Users\Exxus\.gradle\caches\6.7.1\fileContent)" [_thread_blocked, id=1544, stack(0x0000000d77800000,0x0000000d77900000)]
  0x000001aaf8d34000 JavaThread "Cache worker for execution history cache (D:\Users\Exxus\.gradle\caches\6.7.1\executionHistory)" [_thread_blocked, id=3136, stack(0x0000000d77700000,0x0000000d77800000)]
  0x000001aaf8fbe800 JavaThread "Cache worker for journal cache (D:\Users\Exxus\.gradle\caches\journal-1)" [_thread_blocked, id=1768, stack(0x0000000d75800000,0x0000000d75900000)]
  0x000001aaf8fbc000 JavaThread "File lock request listener" [_thread_in_native, id=4988, stack(0x0000000d75700000,0x0000000d75800000)]
  0x000001aaf8fbd800 JavaThread "Cache worker for file hash cache (D:\Users\Exxus\.gradle\caches\6.7.1\fileHashes)" [_thread_blocked, id=4944, stack(0x0000000d75600000,0x0000000d75700000)]
  0x000001aaf80e8000 JavaThread "Daemon periodic checks" [_thread_blocked, id=7324, stack(0x0000000d74e00000,0x0000000d74f00000)]
  0x000001aaf810a800 JavaThread "Incoming local TCP Connector on port 54402" [_thread_in_native, id=2540, stack(0x0000000d74d00000,0x0000000d74e00000)]
  0x000001aaf7bbf800 JavaThread "Daemon health stats" [_thread_blocked, id=5152, stack(0x0000000d74a00000,0x0000000d74b00000)]
  0x000001aaf5b26800 JavaThread "Service Thread" daemon [_thread_blocked, id=6960, stack(0x0000000d74800000,0x0000000d74900000)]
  0x000001aaf5b1a000 JavaThread "C1 CompilerThread2" daemon [_thread_blocked, id=2096, stack(0x0000000d74700000,0x0000000d74800000)]
=>0x000001aaf5abd000 JavaThread "C2 CompilerThread1" daemon [_thread_in_native, id=4820, stack(0x0000000d74600000,0x0000000d74700000)]
  0x000001aaf5ac1000 JavaThread "C2 CompilerThread0" daemon [_thread_in_native, id=4312, stack(0x0000000d74500000,0x0000000d74600000)]
  0x000001aaf5ab8000 JavaThread "Attach Listener" daemon [_thread_blocked, id=4392, stack(0x0000000d74400000,0x0000000d74500000)]
  0x000001aaf5ab6800 JavaThread "Signal Dispatcher" daemon [_thread_blocked, id=7376, stack(0x0000000d74300000,0x0000000d74400000)]
  0x000001aadf4f5800 JavaThread "Finalizer" daemon [_thread_blocked, id=8100, stack(0x0000000d74200000,0x0000000d74300000)]
  0x000001aaf5a96000 JavaThread "Reference Handler" daemon [_thread_blocked, id=8092, stack(0x0000000d74100000,0x0000000d74200000)]
  0x000001aadf335000 JavaThread "main" [_thread_blocked, id=5824, stack(0x0000000d73a00000,0x0000000d73b00000)]

Other Threads:
  0x000001aaf5a74000 VMThread [stack: 0x0000000d74000000,0x0000000d74100000] [id=460]
  0x000001aaf5b27800 WatcherThread [stack: 0x0000000d74900000,0x0000000d74a00000] [id=6608]

VM state:not at safepoint (normal execution)

VM Mutex/Monitor currently owned by a thread: None

heap address: 0x0000000080000000, size: 2048 MB, Compressed Oops mode: 32-bit
Narrow klass base: 0x0000000000000000, Narrow klass shift: 3
Compressed class space size: 1073741824 Address: 0x0000000100000000

Heap:
 PSYoungGen      total 626176K, used 391739K [0x00000000d5580000, 0x0000000100000000, 0x0000000100000000)
  eden space 580096K, 59% used [0x00000000d5580000,0x00000000ea7124d8,0x00000000f8c00000)
  from space 46080K, 99% used [0x00000000fd300000,0x00000000ffffc988,0x0000000100000000)
  to   space 59392K, 0% used [0x00000000f8c00000,0x00000000f8c00000,0x00000000fc600000)
 ParOldGen       total 189440K, used 120471K [0x0000000080000000, 0x000000008b900000, 0x00000000d5580000)
  object space 189440K, 63% used [0x0000000080000000,0x00000000875a5c68,0x000000008b900000)
 Metaspace       used 126701K, capacity 132176K, committed 132224K, reserved 1165312K
  class space    used 15964K, capacity 17012K, committed 17024K, reserved 1048576K

Card table byte_map: [0x000001aaf00b0000,0x000001aaf04c0000] byte_map_base: 0x000001aaefcb0000

Marking Bits: (ParMarkBitMap*) 0x000000006c837860
 Begin Bits: [0x000001aaf0770000, 0x000001aaf2770000)
 End Bits:   [0x000001aaf2770000, 0x000001aaf4770000)

Polling page: 0x000001aadf2a0000

CodeCache: size=245760Kb used=63701Kb max_used=63701Kb free=182058Kb
 bounds [0x000001aae0cf0000, 0x000001aae4b80000, 0x000001aaefcf0000]
 total_blobs=18842 nmethods=17848 adapters=906
 compilation: enabled

Compilation events (10 events):
Event: 587.692 Thread 0x000001aaf5abd000 nmethod 22565 0x000001aae46a4250 code [0x000001aae46a43c0, 0x000001aae46a44d8]
Event: 587.692 Thread 0x000001aaf5abd000 22597       4       org.gradle.api.internal.changedetection.state.ZipHasher::fingerprintZipEntry (38 bytes)
Event: 587.708 Thread 0x000001aaf5abd000 nmethod 22597 0x000001aae4b4d950 code [0x000001aae4b4db40, 0x000001aae4b4e650]
Event: 587.708 Thread 0x000001aaf5abd000 22606       4       org.objectweb.asm.ClassReader::readMethod (1061 bytes)
Event: 587.728 Thread 0x000001aaf5b1a000 22608       2       org.gradle.api.internal.changedetection.state.ZipHasher::fingerprintZipEntry (38 bytes)
Event: 587.728 Thread 0x000001aaf5b1a000 nmethod 22608 0x000001aae2e49210 code [0x000001aae2e493a0, 0x000001aae2e49630]
Event: 587.735 Thread 0x000001aaf5b1a000 22610 %     3       org.objectweb.asm.ClassReader::readField @ 76 (667 bytes)
Event: 587.740 Thread 0x000001aaf5b1a000 nmethod 22610% 0x000001aae4b71c50 code [0x000001aae4b721a0, 0x000001aae4b75bc0]
Event: 587.770 Thread 0x000001aaf5b1a000 22611       3       org.objectweb.asm.ClassReader::readField (667 bytes)
Event: 587.773 Thread 0x000001aaf5b1a000 nmethod 22611 0x000001aae4b79010 code [0x000001aae4b79540, 0x000001aae4b7cbc0]

GC Heap History (10 events):
Event: 30.273 GC heap before
{Heap before GC invocations=18 (full 3):
 PSYoungGen      total 645120K, used 38738K [0x00000000d5580000, 0x0000000100000000, 0x0000000100000000)
  eden space 622080K, 2% used [0x00000000d5580000,0x00000000d64d63a0,0x00000000fb500000)
  from space 23040K, 99% used [0x00000000fe980000,0x00000000ffffe758,0x0000000100000000)
  to   space 38400K, 0% used [0x00000000fb500000,0x00000000fb500000,0x00000000fda80000)
 ParOldGen       total 115200K, used 65070K [0x0000000080000000, 0x0000000087080000, 0x00000000d5580000)
  object space 115200K, 56% used [0x0000000080000000,0x0000000083f8bb60,0x0000000087080000)
 Metaspace       used 94361K, capacity 98416K, committed 98560K, reserved 1134592K
  class space    used 12642K, capacity 13484K, committed 13568K, reserved 1048576K
Event: 30.293 GC heap after
Heap after GC invocations=18 (full 3):
 PSYoungGen      total 660480K, used 871K [0x00000000d5580000, 0x0000000100000000, 0x0000000100000000)
  eden space 622080K, 0% used [0x00000000d5580000,0x00000000d5580000,0x00000000fb500000)
  from space 38400K, 2% used [0x00000000fb500000,0x00000000fb5d9db8,0x00000000fda80000)
  to   space 38400K, 0% used [0x00000000fda80000,0x00000000fda80000,0x0000000100000000)
 ParOldGen       total 115200K, used 88215K [0x0000000080000000, 0x0000000087080000, 0x00000000d5580000)
  object space 115200K, 76% used [0x0000000080000000,0x0000000085625d68,0x0000000087080000)
 Metaspace       used 94361K, capacity 98416K, committed 98560K, reserved 1134592K
  class space    used 12642K, capacity 13484K, committed 13568K, reserved 1048576K
}
Event: 30.293 GC heap before
{Heap before GC invocations=19 (full 4):
 PSYoungGen      total 660480K, used 871K [0x00000000d5580000, 0x0000000100000000, 0x0000000100000000)
  eden space 622080K, 0% used [0x00000000d5580000,0x00000000d5580000,0x00000000fb500000)
  from space 38400K, 2% used [0x00000000fb500000,0x00000000fb5d9db8,0x00000000fda80000)
  to   space 38400K, 0% used [0x00000000fda80000,0x00000000fda80000,0x0000000100000000)
 ParOldGen       total 115200K, used 88215K [0x0000000080000000, 0x0000000087080000, 0x00000000d5580000)
  object space 115200K, 76% used [0x0000000080000000,0x0000000085625d68,0x0000000087080000)
 Metaspace       used 94361K, capacity 98416K, committed 98560K, reserved 1134592K
  class space    used 12642K, capacity 13484K, committed 13568K, reserved 1048576K
Event: 30.645 GC heap after
Heap after GC invocations=19 (full 4):
 PSYoungGen      total 660480K, used 0K [0x00000000d5580000, 0x0000000100000000, 0x0000000100000000)
  eden space 622080K, 0% used [0x00000000d5580000,0x00000000d5580000,0x00000000fb500000)
  from space 38400K, 0% used [0x00000000fb500000,0x00000000fb500000,0x00000000fda80000)
  to   space 38400K, 0% used [0x00000000fda80000,0x00000000fda80000,0x0000000100000000)
 ParOldGen       total 189440K, used 84070K [0x0000000080000000, 0x000000008b900000, 0x00000000d5580000)
  object space 189440K, 44% used [0x0000000080000000,0x0000000085219808,0x000000008b900000)
 Metaspace       used 94266K, capacity 98146K, committed 98560K, reserved 1134592K
  class space    used 12615K, capacity 13415K, committed 13568K, reserved 1048576K
}
Event: 497.601 GC heap before
{Heap before GC invocations=20 (full 4):
 PSYoungGen      total 660480K, used 622080K [0x00000000d5580000, 0x0000000100000000, 0x0000000100000000)
  eden space 622080K, 100% used [0x00000000d5580000,0x00000000fb500000,0x00000000fb500000)
  from space 38400K, 0% used [0x00000000fb500000,0x00000000fb500000,0x00000000fda80000)
  to   space 38400K, 0% used [0x00000000fda80000,0x00000000fda80000,0x0000000100000000)
 ParOldGen       total 189440K, used 84070K [0x0000000080000000, 0x000000008b900000, 0x00000000d5580000)
  object space 189440K, 44% used [0x0000000080000000,0x0000000085219808,0x000000008b900000)
 Metaspace       used 106158K, capacity 110652K, committed 110848K, reserved 1144832K
  class space    used 13947K, capacity 14818K, committed 14848K, reserved 1048576K
Event: 497.648 GC heap after
Heap after GC invocations=20 (full 4):
 PSYoungGen      total 641024K, used 38374K [0x00000000d5580000, 0x0000000100000000, 0x0000000100000000)
  eden space 602624K, 0% used [0x00000000d5580000,0x00000000d5580000,0x00000000fa200000)
  from space 38400K, 99% used [0x00000000fda80000,0x00000000ffff9bc8,0x0000000100000000)
  to   space 48128K, 0% used [0x00000000fa200000,0x00000000fa200000,0x00000000fd100000)
 ParOldGen       total 189440K, used 91993K [0x0000000080000000, 0x000000008b900000, 0x00000000d5580000)
  object space 189440K, 48% used [0x0000000080000000,0x00000000859d6428,0x000000008b900000)
 Metaspace       used 106158K, capacity 110652K, committed 110848K, reserved 1144832K
  class space    used 13947K, capacity 14818K, committed 14848K, reserved 1048576K
}
Event: 514.268 GC heap before
{Heap before GC invocations=21 (full 4):
 PSYoungGen      total 641024K, used 640998K [0x00000000d5580000, 0x0000000100000000, 0x0000000100000000)
  eden space 602624K, 100% used [0x00000000d5580000,0x00000000fa200000,0x00000000fa200000)
  from space 38400K, 99% used [0x00000000fda80000,0x00000000ffff9bc8,0x0000000100000000)
  to   space 48128K, 0% used [0x00000000fa200000,0x00000000fa200000,0x00000000fd100000)
 ParOldGen       total 189440K, used 91993K [0x0000000080000000, 0x000000008b900000, 0x00000000d5580000)
  object space 189440K, 48% used [0x0000000080000000,0x00000000859d6428,0x000000008b900000)
 Metaspace       used 114273K, capacity 119066K, committed 119168K, reserved 1153024K
  class space    used 14768K, capacity 15695K, committed 15744K, reserved 1048576K
Event: 514.293 GC heap after
Heap after GC invocations=21 (full 4):
 PSYoungGen      total 650752K, used 19311K [0x00000000d5580000, 0x0000000100000000, 0x0000000100000000)
  eden space 602624K, 0% used [0x00000000d5580000,0x00000000d5580000,0x00000000fa200000)
  from space 48128K, 40% used [0x00000000fa200000,0x00000000fb4dbf30,0x00000000fd100000)
  to   space 46080K, 0% used [0x00000000fd300000,0x00000000fd300000,0x0000000100000000)
 ParOldGen       total 189440K, used 105685K [0x0000000080000000, 0x000000008b900000, 0x00000000d5580000)
  object space 189440K, 55% used [0x0000000080000000,0x0000000086735798,0x000000008b900000)
 Metaspace       used 114273K, capacity 119066K, committed 119168K, reserved 1153024K
  class space    used 14768K, capacity 15695K, committed 15744K, reserved 1048576K
}
Event: 551.478 GC heap before
{Heap before GC invocations=22 (full 4):
 PSYoungGen      total 650752K, used 621935K [0x00000000d5580000, 0x0000000100000000, 0x0000000100000000)
  eden space 602624K, 100% used [0x00000000d5580000,0x00000000fa200000,0x00000000fa200000)
  from space 48128K, 40% used [0x00000000fa200000,0x00000000fb4dbf30,0x00000000fd100000)
  to   space 46080K, 0% used [0x00000000fd300000,0x00000000fd300000,0x0000000100000000)
 ParOldGen       total 189440K, used 105685K [0x0000000080000000, 0x000000008b900000, 0x00000000d5580000)
  object space 189440K, 55% used [0x0000000080000000,0x0000000086735798,0x000000008b900000)
 Metaspace       used 126053K, capacity 131080K, committed 131328K, reserved 1163264K
  class space    used 15865K, capacity 16844K, committed 16896K, reserved 1048576K
Event: 551.528 GC heap after
Heap after GC invocations=22 (full 4):
 PSYoungGen      total 626176K, used 46066K [0x00000000d5580000, 0x0000000100000000, 0x0000000100000000)
  eden space 580096K, 0% used [0x00000000d5580000,0x00000000d5580000,0x00000000f8c00000)
  from space 46080K, 99% used [0x00000000fd300000,0x00000000ffffc988,0x0000000100000000)
  to   space 59392K, 0% used [0x00000000f8c00000,0x00000000f8c00000,0x00000000fc600000)
 ParOldGen       total 189440K, used 120471K [0x0000000080000000, 0x000000008b900000, 0x00000000d5580000)
  object space 189440K, 63% used [0x0000000080000000,0x00000000875a5c68,0x000000008b900000)
 Metaspace       used 126053K, capacity 131080K, committed 131328K, reserved 1163264K
  class space    used 15865K, capacity 16844K, committed 16896K, reserved 1048576K
}

Deoptimization events (10 events):
Event: 587.142 Thread 0x000001aaf688a000 Uncommon trap: reason=class_check action=maybe_recompile pc=0x000001aae4586184 method=org.objectweb.asm.ClassReader.readElementValue(Lorg/objectweb/asm/AnnotationVisitor;ILjava/lang/String;[C)I @ 514
Event: 587.196 Thread 0x000001aaf688a000 Uncommon trap: reason=unstable_if action=reinterpret pc=0x000001aae3325110 method=org.objectweb.asm.ClassReader.readField(Lorg/objectweb/asm/ClassVisitor;Lorg/objectweb/asm/Context;I)I @ 339
Event: 587.197 Thread 0x000001aaf688a000 Uncommon trap: reason=predicate action=maybe_recompile pc=0x000001aae4b4136c method=org.objectweb.asm.ClassReader.accept(Lorg/objectweb/asm/ClassVisitor;[Lorg/objectweb/asm/Attribute;I)V @ 876
Event: 587.337 Thread 0x000001aaf688a000 Uncommon trap: reason=unstable_if action=reinterpret pc=0x000001aae471aafc method=org.objectweb.asm.ClassReader.readElementValue(Lorg/objectweb/asm/AnnotationVisitor;ILjava/lang/String;[C)I @ 4
Event: 587.339 Thread 0x000001aaf688a000 Uncommon trap: reason=class_check action=maybe_recompile pc=0x000001aae3c709d0 method=org.gradle.internal.fingerprint.classpath.impl.ClasspathFingerprintingStrategy$ClasspathContentFingerprintingVisitor.fingerprintTreeFile(Lorg/gradle/internal/snapshot/Re
Event: 587.340 Thread 0x000001aaf688a000 Uncommon trap: reason=class_check action=maybe_recompile pc=0x000001aae3c709d0 method=org.gradle.internal.fingerprint.classpath.impl.ClasspathFingerprintingStrategy$ClasspathContentFingerprintingVisitor.fingerprintTreeFile(Lorg/gradle/internal/snapshot/Re
Event: 587.340 Thread 0x000001aaf688a000 Uncommon trap: reason=class_check action=maybe_recompile pc=0x000001aae3c709d0 method=org.gradle.internal.fingerprint.classpath.impl.ClasspathFingerprintingStrategy$ClasspathContentFingerprintingVisitor.fingerprintTreeFile(Lorg/gradle/internal/snapshot/Re
Event: 587.340 Thread 0x000001aaf688a000 Uncommon trap: reason=class_check action=maybe_recompile pc=0x000001aae3c709d0 method=org.gradle.internal.fingerprint.classpath.impl.ClasspathFingerprintingStrategy$ClasspathContentFingerprintingVisitor.fingerprintTreeFile(Lorg/gradle/internal/snapshot/Re
Event: 587.685 Thread 0x000001aaf688a000 Uncommon trap: reason=unloaded action=reinterpret pc=0x000001aae0ee9238 method=org.gradle.internal.normalization.java.impl.SortingAnnotationVisitor.visitEnd()V @ 7
Event: 587.716 Thread 0x000001aaf688a000 Uncommon trap: reason=unstable_if action=reinterpret pc=0x000001aae4b4e420 method=org.gradle.api.internal.changedetection.state.ZipHasher.fingerprintZipEntry(Lorg/gradle/api/internal/changedetection/state/ZipEntryContext;Ljava/util/List;)V @ 12

Classes redefined (0 events):
No events

Internal exceptions (10 events):
Event: 586.799 Thread 0x000001aaf688a000 Implicit null exception at 0x000001aae0e29cf4 to 0x000001aae0e2a4d1
Event: 586.799 Thread 0x000001aaf688a000 Implicit null exception at 0x000001aae1081a70 to 0x000001aae1081ba5
Event: 586.799 Thread 0x000001aaf688a000 Implicit null exception at 0x000001aae1081710 to 0x000001aae1081769
Event: 587.024 Thread 0x000001aaf688a000 Implicit null exception at 0x000001aae0f32290 to 0x000001aae0f322d5
Event: 587.024 Thread 0x000001aaf688a000 Implicit null exception at 0x000001aae10811cd to 0x000001aae10812b5
Event: 587.024 Thread 0x000001aaf688a000 Implicit null exception at 0x000001aae1971f78 to 0x000001aae1972469
Event: 587.025 Thread 0x000001aaf688a000 Implicit null exception at 0x000001aae14bd070 to 0x000001aae14bd0e1
Event: 587.030 Thread 0x000001aaf688a000 Implicit null exception at 0x000001aae1928d60 to 0x000001aae19293b1
Event: 587.196 Thread 0x000001aaf688a000 Implicit null exception at 0x000001aae3322571 to 0x000001aae33250e1
Event: 587.337 Thread 0x000001aaf688a000 Implicit null exception at 0x000001aae471aa23 to 0x000001aae471aadd

Events (10 events):
Event: 587.340 Thread 0x000001aaf688a000 DEOPT PACKING pc=0x000001aae3c709d0 sp=0x0000000d7dffc900
Event: 587.340 Thread 0x000001aaf688a000 DEOPT UNPACKING pc=0x000001aae0d35583 sp=0x0000000d7dffc8a8 mode 2
Event: 587.685 Thread 0x000001aaf688a000 Uncommon trap: trap_request=0x00000018 fr.pc=0x000001aae0ee9238
Event: 587.685 loading class org/gradle/internal/normalization/java/impl/AnnotationAnnotationValue
Event: 587.685 loading class org/gradle/internal/normalization/java/impl/AnnotationAnnotationValue done
Event: 587.687 Thread 0x000001aaf688a000 DEOPT PACKING pc=0x000001aae0ee9238 sp=0x0000000d7dffbb00
Event: 587.687 Thread 0x000001aaf688a000 DEOPT UNPACKING pc=0x000001aae0d35583 sp=0x0000000d7dffba40 mode 2
Event: 587.716 Thread 0x000001aaf688a000 Uncommon trap: trap_request=0xffffff65 fr.pc=0x000001aae4b4e420
Event: 587.716 Thread 0x000001aaf688a000 DEOPT PACKING pc=0x000001aae4b4e420 sp=0x0000000d7dffc5c0
Event: 587.716 Thread 0x000001aaf688a000 DEOPT UNPACKING pc=0x000001aae0d35583 sp=0x0000000d7dffc5b0 mode 2


Dynamic libraries:
0x00007ff781460000 - 0x00007ff78149a000 	D:\Users\Exxus\.jdks\corretto-1.8.0_322\bin\java.exe
0x00007ffed5170000 - 0x00007ffed5366000 	C:\Windows\SYSTEM32\ntdll.dll
0x00007ffed3480000 - 0x00007ffed353d000 	C:\Windows\System32\KERNEL32.DLL
0x00007ffed2a70000 - 0x00007ffed2d39000 	C:\Windows\System32\KERNELBASE.dll
0x00007ffed3230000 - 0x00007ffed32dc000 	C:\Windows\System32\ADVAPI32.dll
0x00007ffed3c40000 - 0x00007ffed3cde000 	C:\Windows\System32\msvcrt.dll
0x00007ffed3ba0000 - 0x00007ffed3c3c000 	C:\Windows\System32\sechost.dll
0x00007ffed4e60000 - 0x00007ffed4f8b000 	C:\Windows\System32\RPCRT4.dll
0x00007ffed32e0000 - 0x00007ffed3480000 	C:\Windows\System32\USER32.dll
0x00007ffed2d40000 - 0x00007ffed2d62000 	C:\Windows\System32\win32u.dll
0x00007ffed3a90000 - 0x00007ffed3aba000 	C:\Windows\System32\GDI32.dll
0x00007ffed2960000 - 0x00007ffed2a69000 	C:\Windows\System32\gdi32full.dll
0x00007ffed3130000 - 0x00007ffed31cd000 	C:\Windows\System32\msvcp_win.dll
0x00007ffed2fe0000 - 0x00007ffed30e0000 	C:\Windows\System32\ucrtbase.dll
0x00007ffeb5890000 - 0x00007ffeb5b2b000 	C:\Windows\WinSxS\amd64_microsoft.windows.common-controls_6595b64144ccf1df_6.0.19041.488_none_ca04af081b815d21\COMCTL32.dll
0x00007ffed44d0000 - 0x00007ffed4500000 	C:\Windows\System32\IMM32.DLL
0x00007ffe9e970000 - 0x00007ffe9ea5f000 	D:\Users\Exxus\.jdks\corretto-1.8.0_322\jre\bin\msvcr120.dll
0x00007ffe99da0000 - 0x00007ffe99e46000 	D:\Users\Exxus\.jdks\corretto-1.8.0_322\jre\bin\msvcp120.dll
0x000000006c040000 - 0x000000006c8b6000 	D:\Users\Exxus\.jdks\corretto-1.8.0_322\jre\bin\server\jvm.dll
0x00007ffed3ac0000 - 0x00007ffed3ac8000 	C:\Windows\System32\PSAPI.DLL
0x00007ffecb8d0000 - 0x00007ffecb8d9000 	C:\Windows\SYSTEM32\WSOCK32.dll
0x00007ffed3b30000 - 0x00007ffed3b9b000 	C:\Windows\System32\WS2_32.dll
0x00007ffeb9d50000 - 0x00007ffeb9d77000 	C:\Windows\SYSTEM32\WINMM.dll
0x00007ffecc530000 - 0x00007ffecc53a000 	C:\Windows\SYSTEM32\VERSION.dll
0x00007ffebeed0000 - 0x00007ffebeedf000 	D:\Users\Exxus\.jdks\corretto-1.8.0_322\jre\bin\verify.dll
0x00007ffe9e940000 - 0x00007ffe9e969000 	D:\Users\Exxus\.jdks\corretto-1.8.0_322\jre\bin\java.dll
0x00007ffe99d80000 - 0x00007ffe99d96000 	D:\Users\Exxus\.jdks\corretto-1.8.0_322\jre\bin\zip.dll
0x00007ffed3d80000 - 0x00007ffed44c2000 	C:\Windows\System32\SHELL32.dll
0x00007ffed0a20000 - 0x00007ffed11b5000 	C:\Windows\SYSTEM32\windows.storage.dll
0x00007ffed46b0000 - 0x00007ffed4a06000 	C:\Windows\System32\combase.dll
0x00007ffed2250000 - 0x00007ffed227c000 	C:\Windows\SYSTEM32\Wldp.dll
0x00007ffed4db0000 - 0x00007ffed4e5e000 	C:\Windows\System32\SHCORE.dll
0x00007ffed31d0000 - 0x00007ffed3225000 	C:\Windows\System32\shlwapi.dll
0x00007ffed27e0000 - 0x00007ffed2806000 	C:\Windows\SYSTEM32\profapi.dll
0x00007ffe99d60000 - 0x00007ffe99d7a000 	D:\Users\Exxus\.jdks\corretto-1.8.0_322\jre\bin\net.dll
0x00007ffed1fd0000 - 0x00007ffed203a000 	C:\Windows\system32\mswsock.dll
0x00007ffe99d40000 - 0x00007ffe99d52000 	D:\Users\Exxus\.jdks\corretto-1.8.0_322\jre\bin\nio.dll
0x00007ffeaaaa0000 - 0x00007ffeaaac7000 	D:\Users\Exxus\.gradle\native\fdc75f09e3144964f2cf3f50f0aa648679c211496f362492102eb8c894070792\windows-amd64\native-platform.dll
0x00007ffe99e50000 - 0x00007ffe99fe6000 	D:\Users\Exxus\.gradle\native\12488b8bf47d2d4c9fbf2f6322a914ad602e24e48041cd04a747c6da556b65c4\windows-amd64\native-platform-file-events.dll
0x00007ffebed40000 - 0x00007ffebed4d000 	D:\Users\Exxus\.jdks\corretto-1.8.0_322\jre\bin\management.dll
0x00007ffed21a0000 - 0x00007ffed21b8000 	C:\Windows\SYSTEM32\CRYPTSP.dll
0x00007ffed1960000 - 0x00007ffed1994000 	C:\Windows\system32\rsaenh.dll
0x00007ffed28b0000 - 0x00007ffed28d7000 	C:\Windows\System32\bcrypt.dll
0x00007ffed2760000 - 0x00007ffed278e000 	C:\Windows\SYSTEM32\USERENV.dll
0x00007ffed28e0000 - 0x00007ffed2960000 	C:\Windows\System32\bcryptprimitives.dll
0x00007ffed21c0000 - 0x00007ffed21cc000 	C:\Windows\SYSTEM32\CRYPTBASE.dll
0x00007ffed1cc0000 - 0x00007ffed1cfb000 	C:\Windows\SYSTEM32\IPHLPAPI.DLL
0x00007ffed4c70000 - 0x00007ffed4c78000 	C:\Windows\System32\NSI.dll
0x00007ffec9350000 - 0x00007ffec9367000 	C:\Windows\SYSTEM32\dhcpcsvc6.DLL
0x00007ffeca810000 - 0x00007ffeca82d000 	C:\Windows\SYSTEM32\dhcpcsvc.DLL
0x00007ffed1d00000 - 0x00007ffed1dcb000 	C:\Windows\SYSTEM32\DNSAPI.dll
0x00007ffeca950000 - 0x00007ffeca95b000 	C:\Windows\SYSTEM32\WINNSI.DLL
0x00007ffed15f0000 - 0x00007ffed1623000 	C:\Windows\SYSTEM32\ntmarta.dll
0x00007ffe99bc0000 - 0x00007ffe99be3000 	D:\Users\Exxus\.jdks\corretto-1.8.0_322\jre\bin\sunec.dll
0x00007ffec2320000 - 0x00007ffec232a000 	C:\Windows\System32\rasadhlp.dll
0x00007ffec2c80000 - 0x00007ffec2cff000 	C:\Windows\System32\fwpuclnt.dll
0x00007ffebece0000 - 0x00007ffebecec000 	D:\Users\Exxus\.jdks\corretto-1.8.0_322\jre\bin\sunmscapi.dll
0x00007ffed2e80000 - 0x00007ffed2fdd000 	C:\Windows\System32\CRYPT32.dll
0x00007ffed22c0000 - 0x00007ffed22e7000 	C:\Windows\SYSTEM32\ncrypt.dll
0x00007ffed2280000 - 0x00007ffed22bb000 	C:\Windows\SYSTEM32\NTASN1.dll
0x00007ffed01d0000 - 0x00007ffed0260000 	C:\Windows\system32\apphelp.dll
0x00007ffe99d20000 - 0x00007ffe99d3e000 	C:\Temp\native-platform4529873524462274638dir\native-platform.dll

VM Arguments:
jvm_args: -Xmx2048m -Dfile.encoding=UTF-8 -Duser.country=RU -Duser.language=ru -Duser.variant 
java_command: org.gradle.launcher.daemon.bootstrap.GradleDaemon 6.7.1
java_class_path (initial): D:\Users\Exxus\.gradle\wrapper\dists\gradle-6.7.1-bin\bwlcbys1h7rz3272sye1xwiv6\gradle-6.7.1\lib\gradle-launcher-6.7.1.jar
Launcher Type: SUN_STANDARD

Environment Variables:
PATH=C:\Program Files\Oculus\Support\oculus-runtime;C:\Program Files\Common Files\Oracle\Java\javapath;C:\Program Files (x86)\Common Files\Intel\Shared Libraries\intel64\;C:\Program Files (x86)\Common Files\Intel\Shared Libraries\ia32\;C:\Program Files (x86)\Common Files\Intel\Shared Libraries\;C:\Windows\system32;C:\Windows;C:\Windows\System32\Wbem;C:\Windows\System32\WindowsPowerShell\v1.0\;C:\Program Files\nodejs\;C:\Program Files\Git\cmd;C:\Program Files\Java\jdk-18\bin;D:\Users\Exxus\AppData\Local\Programs\Python\Python39\Scripts\;D:\Users\Exxus\AppData\Local\Programs\Python\Python39\;D:\Users\Exxus\AppData\Local\Microsoft\WindowsApps;D:\Users\Exxus\AppData\Roaming\npm;D:\Users\Exxus\AppData\Local\GitHubDesktop\bin;C:\Program Files\JetBrains\WebStorm 2021.3.3\bin;;C:\Program Files\JetBrains\IntelliJ IDEA Community Edition 2021.3.3\bin;
USERNAME=Exxus
OS=Windows_NT
PROCESSOR_IDENTIFIER=Intel64 Family 6 Model 165 Stepping 3, GenuineIntel



---------------  S Y S T E M  ---------------

OS: Windows 10.0 , 64 bit Build 19041 (10.0.19041.662)

CPU:total 4 (initial active 4) (2 cores per cpu, 2 threads per core) family 6 model 165 stepping 3, cmov, cx8, fxsr, mmx, sse, sse2, sse3, ssse3, sse4.1, sse4.2, popcnt, aes, clmul, erms, 3dnowpref, lzcnt, ht, tsc, tscinvbit

Memory: 4k page, physical 8042796k(63120k free), swap 8042796k(5740k free)

vm_info: OpenJDK 64-Bit Server VM (25.322-b06) for windows-amd64 JRE (1.8.0_322-b06), built on Jan 13 2022 23:37:51 by "Administrator" with MS VC++ 12.0 (VS2013)

time: Mon Apr 18 11:32:09 2022
timezone: Oeieyiaey (eaoi)
elapsed time: 587.842373 seconds (0d 0h 9m 47s)

